<?xml version="1.0" encoding="UTF-8"?>
<!-- Generated by org.testng.reporters.JUnitXMLReporter -->
<testsuite hostname="Gaurav3152712" failures="0" tests="6" name="Default test" time="115.883" errors="0" timestamp="19 Nov 2022 06:15:00 GMT">
  <testcase classname="scripts.TestCase" name="tc_1" time="50.206"/>
  <testcase classname="scripts.TestCase" name="tc_2" time="14.688"/>
  <testcase classname="scripts.TestCase" name="tc_3" time="16.979"/>
  <testcase classname="scripts.TestCase" name="tc_4" time="28.006"/>
  <testcase classname="scripts.TestCase" name="tc_5" time="4.164"/>
  <testcase classname="scripts.TestCase" name="tc_6" time="1.822"/>
</testsuite> <!-- Default test -->
