<?xml version="1.0" encoding="UTF-8"?>
<!-- Generated by org.testng.reporters.JUnitXMLReporter -->
<testsuite hostname="Gaurav3152712" failures="0" tests="6" name="Test" time="0.061" errors="0" timestamp="9 Nov 2022 18:38:53 GMT">
  <testcase classname="scripts.TestCase" name="tc_1" time="0.011"/>
  <testcase classname="scripts.TestCase" name="tc_2" time="0.003"/>
  <testcase classname="scripts.TestCase" name="tc_3" time="0.002"/>
  <testcase classname="scripts.TestCase" name="tc_4" time="0.003"/>
  <testcase classname="scripts.TestCase" name="tc_5" time="0.003"/>
  <testcase classname="scripts.TestCase" name="tc_6" time="0.002"/>
</testsuite> <!-- Test -->
